Base path: 'C:/Program Files/Unity/Hub/Editor/2019.2.2f1/Editor/Data', plugins path 'C:/Program Files/Unity/Hub/Editor/2019.2.2f1/Editor/Data/PlaybackEngines'
Cmd: initializeCompiler
Cmd: compileComputeKernel
  api=14 insize=2059 outsize=812 ok=1
Cmd: compileComputeKernel
  api=14 insize=10881 outsize=10544 ok=1
Cmd: translateComputeKernel
  api=14 insize=10700 outsize=18699 ok=1
Cmd: compileComputeKernel
  api=14 insize=4855 outsize=5116 ok=1
Cmd: translateComputeKernel
  api=14 insize=11222 outsize=18583 ok=1
Cmd: compileComputeKernel
  api=14 insize=3396 outsize=3205 ok=1
Cmd: compileComputeKernel
  api=14 insize=18299 outsize=9505 ok=1
Cmd: compileComputeKernel
  api=14 insize=18299 outsize=11294 ok=1
Cmd: translateComputeKernel
  api=14 insize=9370 outsize=16164 ok=1
Cmd: translateComputeKernel
  api=14 insize=9678 outsize=16573 ok=1
Cmd: translateComputeKernel
  api=14 insize=11282 outsize=24776 ok=1
Cmd: compileComputeKernel
  api=14 insize=5435 outsize=6993 ok=1
Cmd: compileComputeKernel
  api=14 insize=1806 outsize=1153 ok=1
Cmd: translateComputeKernel
  api=14 insize=1997 outsize=3520 ok=1
Cmd: compileComputeKernel
  api=14 insize=2044 outsize=1472 ok=1
Cmd: translateComputeKernel
  api=14 insize=1477 outsize=2238 ok=1
